2024-07-01 22:02:34,126 [Worker-10: Importing Maven projects] INFO  o.e.m.c.i.l.LifecycleMappingFactory - Using org.eclipse.m2e.jdt.JarLifecycleMapping lifecycle mapping for MavenProject: com.sunilos:springboottest:0.0.1-SNAPSHOT @ C:\Users\ftt\Desktop\ORS_Project10_ftctl\projectORS\pom.xml.
2024-07-01 22:02:41,280 [Worker-10: Importing Maven projects] INFO  o.e.m.j.i.AbstractJavaProjectConfigurator - Adding source folder /springboottest/src/main/java
2024-07-01 22:02:41,281 [Worker-10: Importing Maven projects] INFO  o.e.m.j.i.AbstractJavaProjectConfigurator - Adding resource folder /springboottest/src/main/resources
2024-07-01 22:02:41,282 [Worker-10: Importing Maven projects] INFO  o.e.m.j.i.AbstractJavaProjectConfigurator - Adding resource folder /springboottest/src/main/resources
2024-07-01 22:02:41,285 [Worker-10: Importing Maven projects] INFO  o.e.m.j.i.AbstractJavaProjectConfigurator - Adding source folder /springboottest/src/test/java
2024-07-01 22:02:42,149 [Worker-10: Importing Maven projects] INFO  o.e.m.c.i.p.ProjectConfigurationManager - Imported and configured 1 project(s) in 24 sec
2024-07-01 22:02:49,502 [Worker-2: Building workspace] INFO  o.e.m.c.i.embedder.EclipseLogger - Using 'UTF-8' encoding to copy filtered resources.
2024-07-01 22:02:49,510 [Worker-2: Building workspace] INFO  o.e.m.c.i.embedder.EclipseLogger - Copying 1 resource
2024-07-01 22:02:49,585 [Worker-2: Building workspace] INFO  o.e.m.c.i.embedder.EclipseLogger - Copying 1 resource
2024-07-01 22:02:49,615 [Worker-2: Building workspace] INFO  o.e.m.c.i.embedder.EclipseLogger - Using 'UTF-8' encoding to copy filtered resources.
2024-07-01 22:02:49,616 [Worker-2: Building workspace] INFO  o.e.m.c.i.embedder.EclipseLogger - skip non existing resourceDirectory C:\Users\ftt\Desktop\ORS_Project10_ftctl\projectORS\src\test\resources
2024-07-01 22:04:46,604 [Worker-7: Building workspace] INFO  o.e.m.c.i.embedder.EclipseLogger - Using 'UTF-8' encoding to copy filtered resources.
2024-07-01 22:04:46,606 [Worker-7: Building workspace] INFO  o.e.m.c.i.embedder.EclipseLogger - Copying 1 resource
2024-07-01 22:04:46,621 [Worker-7: Building workspace] INFO  o.e.m.c.i.embedder.EclipseLogger - Copying 1 resource
2024-07-01 22:04:46,630 [Worker-7: Building workspace] INFO  o.e.m.c.i.embedder.EclipseLogger - Using 'UTF-8' encoding to copy filtered resources.
2024-07-01 22:04:46,631 [Worker-7: Building workspace] INFO  o.e.m.c.i.embedder.EclipseLogger - skip non existing resourceDirectory C:\Users\ftt\Desktop\ORS_Project10_ftctl\projectORS\src\test\resources
2024-07-01 22:05:20,539 [Worker-10: Updating Maven Project] INFO  o.e.m.c.i.p.ProjectConfigurationManager - Update started
2024-07-01 22:05:21,525 [Worker-10: Updating Maven Project] INFO  o.e.m.c.i.l.LifecycleMappingFactory - Using org.eclipse.m2e.jdt.JarLifecycleMapping lifecycle mapping for MavenProject: com.sunilos:springboottest:0.0.1-SNAPSHOT @ C:\Users\ftt\Desktop\ORS_Project10_ftctl\projectORS\pom.xml.
2024-07-01 22:05:22,572 [Worker-10: Updating Maven Project] INFO  o.e.m.j.i.AbstractJavaProjectConfigurator - Adding source folder /springboottest/src/main/java
2024-07-01 22:05:22,573 [Worker-10: Updating Maven Project] INFO  o.e.m.j.i.AbstractJavaProjectConfigurator - Adding resource folder /springboottest/src/main/resources
2024-07-01 22:05:22,574 [Worker-10: Updating Maven Project] INFO  o.e.m.j.i.AbstractJavaProjectConfigurator - Adding resource folder /springboottest/src/main/resources
2024-07-01 22:05:22,575 [Worker-10: Updating Maven Project] INFO  o.e.m.j.i.AbstractJavaProjectConfigurator - Adding source folder /springboottest/src/test/java
2024-07-01 22:05:23,088 [Worker-10: Updating Maven Project] INFO  o.e.m.c.i.p.ProjectConfigurationManager - Update completed: 2 sec
2024-07-01 22:05:25,914 [Worker-2: Building workspace] INFO  o.e.m.c.i.embedder.EclipseLogger - Using 'UTF-8' encoding to copy filtered resources.
2024-07-01 22:05:25,916 [Worker-2: Building workspace] INFO  o.e.m.c.i.embedder.EclipseLogger - Copying 1 resource
2024-07-01 22:05:25,944 [Worker-2: Building workspace] INFO  o.e.m.c.i.embedder.EclipseLogger - Copying 1 resource
2024-07-01 22:05:25,955 [Worker-2: Building workspace] INFO  o.e.m.c.i.embedder.EclipseLogger - Using 'UTF-8' encoding to copy filtered resources.
2024-07-01 22:05:25,956 [Worker-2: Building workspace] INFO  o.e.m.c.i.embedder.EclipseLogger - skip non existing resourceDirectory C:\Users\ftt\Desktop\ORS_Project10_ftctl\projectORS\src\test\resources
2024-07-01 22:05:38,673 [Worker-3: Building workspace] INFO  o.e.m.c.i.embedder.EclipseLogger - Using 'UTF-8' encoding to copy filtered resources.
2024-07-01 22:05:38,674 [Worker-3: Building workspace] INFO  o.e.m.c.i.embedder.EclipseLogger - Copying 1 resource
2024-07-01 22:05:38,678 [Worker-3: Building workspace] INFO  o.e.m.c.i.embedder.EclipseLogger - Copying 1 resource
2024-07-01 22:05:38,682 [Worker-3: Building workspace] INFO  o.e.m.c.i.embedder.EclipseLogger - Using 'UTF-8' encoding to copy filtered resources.
2024-07-01 22:05:38,682 [Worker-3: Building workspace] INFO  o.e.m.c.i.embedder.EclipseLogger - skip non existing resourceDirectory C:\Users\ftt\Desktop\ORS_Project10_ftctl\projectORS\src\test\resources
2024-07-01 22:06:03,619 [Worker-8: Building workspace] INFO  o.e.m.c.i.embedder.EclipseLogger - Using 'UTF-8' encoding to copy filtered resources.
2024-07-01 22:06:03,620 [Worker-8: Building workspace] INFO  o.e.m.c.i.embedder.EclipseLogger - Copying 1 resource
2024-07-01 22:06:03,623 [Worker-8: Building workspace] INFO  o.e.m.c.i.embedder.EclipseLogger - Copying 1 resource
2024-07-01 22:06:03,629 [Worker-8: Building workspace] INFO  o.e.m.c.i.embedder.EclipseLogger - Using 'UTF-8' encoding to copy filtered resources.
2024-07-01 22:06:03,629 [Worker-8: Building workspace] INFO  o.e.m.c.i.embedder.EclipseLogger - skip non existing resourceDirectory C:\Users\ftt\Desktop\ORS_Project10_ftctl\projectORS\src\test\resources
2024-07-01 22:07:09,355 [Worker-4: Building workspace] INFO  o.e.m.c.i.embedder.EclipseLogger - Using 'UTF-8' encoding to copy filtered resources.
2024-07-01 22:07:09,357 [Worker-4: Building workspace] INFO  o.e.m.c.i.embedder.EclipseLogger - Copying 0 resource
2024-07-01 22:07:09,358 [Worker-4: Building workspace] INFO  o.e.m.c.i.embedder.EclipseLogger - Copying 0 resource
2024-07-01 22:07:09,361 [Worker-4: Building workspace] INFO  o.e.m.c.i.embedder.EclipseLogger - Using 'UTF-8' encoding to copy filtered resources.
2024-07-01 22:07:09,362 [Worker-4: Building workspace] INFO  o.e.m.c.i.embedder.EclipseLogger - skip non existing resourceDirectory C:\Users\ftt\Desktop\ORS_Project10_ftctl\projectORS\src\test\resources
2024-07-01 22:11:00,387 [Worker-15: Building workspace] INFO  o.e.m.c.i.embedder.EclipseLogger - Using 'UTF-8' encoding to copy filtered resources.
2024-07-01 22:11:00,390 [Worker-15: Building workspace] INFO  o.e.m.c.i.embedder.EclipseLogger - Copying 1 resource
2024-07-01 22:11:00,393 [Worker-15: Building workspace] INFO  o.e.m.c.i.embedder.EclipseLogger - Copying 0 resource
2024-07-01 22:11:00,397 [Worker-15: Building workspace] INFO  o.e.m.c.i.embedder.EclipseLogger - Using 'UTF-8' encoding to copy filtered resources.
2024-07-01 22:11:00,398 [Worker-15: Building workspace] INFO  o.e.m.c.i.embedder.EclipseLogger - skip non existing resourceDirectory C:\Users\ftt\Desktop\ORS_Project10_ftctl\projectORS\src\test\resources
2024-07-01 22:11:29,839 [Worker-10: Launching Executing clean in C__Users_ftt_Desktop_ORS_Project10_ftctl_projectORS] INFO  o.e.m.i.launch.MavenLaunchDelegate - C:\Users\ftt\Desktop\ORS_Project10_ftctl\projectORS
2024-07-01 22:11:29,841 [Worker-10: Launching Executing clean in C__Users_ftt_Desktop_ORS_Project10_ftctl_projectORS] INFO  o.e.m.i.launch.MavenLaunchDelegate -  mvn -B clean
2024-07-01 22:11:48,009 [main] INFO  o.e.m2e.actions.ExecutePomAction - Creating new launch configuration
2024-07-01 22:12:07,034 [Worker-4: Launching projectORS] INFO  o.e.m.i.launch.MavenLaunchDelegate - C:\Users\ftt\Desktop\ORS_Project10_ftctl\projectORS
2024-07-01 22:12:07,034 [Worker-4: Launching projectORS] INFO  o.e.m.i.launch.MavenLaunchDelegate -  mvn -B -Dmaven.test.skip=true -DskipTests clean install
2024-07-01 22:20:55,948 [Worker-13: Building workspace] INFO  o.e.m.c.i.embedder.EclipseLogger - Using 'UTF-8' encoding to copy filtered resources.
2024-07-01 22:20:55,949 [Worker-13: Building workspace] INFO  o.e.m.c.i.embedder.EclipseLogger - Copying 0 resource
2024-07-01 22:20:55,949 [Worker-13: Building workspace] INFO  o.e.m.c.i.embedder.EclipseLogger - Copying 0 resource
2024-07-01 22:20:55,957 [Worker-13: Building workspace] INFO  o.e.m.c.i.embedder.EclipseLogger - Using 'UTF-8' encoding to copy filtered resources.
2024-07-01 22:20:55,957 [Worker-13: Building workspace] INFO  o.e.m.c.i.embedder.EclipseLogger - skip non existing resourceDirectory C:\Users\ftt\Desktop\ORS_Project10_ftctl\projectORS\src\test\resources
2024-07-02 17:37:27,146 [Worker-44: Building workspace] INFO  o.e.m.c.i.embedder.EclipseLogger - Using 'UTF-8' encoding to copy filtered resources.
2024-07-02 17:37:27,545 [Worker-44: Building workspace] INFO  o.e.m.c.i.embedder.EclipseLogger - Copying 1 resource
2024-07-02 17:37:27,575 [Worker-44: Building workspace] INFO  o.e.m.c.i.embedder.EclipseLogger - Copying 1 resource
2024-07-02 17:37:27,614 [Worker-44: Building workspace] INFO  o.e.m.c.i.embedder.EclipseLogger - Using 'UTF-8' encoding to copy filtered resources.
2024-07-02 17:37:27,615 [Worker-44: Building workspace] INFO  o.e.m.c.i.embedder.EclipseLogger - skip non existing resourceDirectory C:\Users\ftt\Desktop\ORS_Project10_ftctl\projectORS\src\test\resources
2024-07-03 15:23:19,232 [Worker-50: Launching ProjectOrsApplication] INFO  o.e.m.c.i.embedder.EclipseLogger - Using 'UTF-8' encoding to copy filtered resources.
2024-07-03 15:23:19,405 [Worker-50: Launching ProjectOrsApplication] INFO  o.e.m.c.i.embedder.EclipseLogger - Copying 1 resource
2024-07-03 15:23:19,439 [Worker-50: Launching ProjectOrsApplication] INFO  o.e.m.c.i.embedder.EclipseLogger - Copying 1 resource
2024-07-03 15:23:19,478 [Worker-50: Launching ProjectOrsApplication] INFO  o.e.m.c.i.embedder.EclipseLogger - Using 'UTF-8' encoding to copy filtered resources.
2024-07-03 15:23:19,478 [Worker-50: Launching ProjectOrsApplication] INFO  o.e.m.c.i.embedder.EclipseLogger - skip non existing resourceDirectory C:\Users\ftt\Desktop\ORS_Project10_ftctl\projectORS\src\test\resources
2024-08-11 23:10:34,415 [Worker-11: Launching ProjectOrsApplication] INFO  o.e.m.c.i.embedder.EclipseLogger - Using 'UTF-8' encoding to copy filtered resources.
2024-08-11 23:10:34,434 [Worker-11: Launching ProjectOrsApplication] INFO  o.e.m.c.i.embedder.EclipseLogger - Copying 1 resource
2024-08-11 23:10:34,492 [Worker-11: Launching ProjectOrsApplication] INFO  o.e.m.c.i.embedder.EclipseLogger - Copying 1 resource
2024-08-11 23:10:34,514 [Worker-11: Launching ProjectOrsApplication] INFO  o.e.m.c.i.embedder.EclipseLogger - Using 'UTF-8' encoding to copy filtered resources.
2024-08-11 23:10:34,514 [Worker-11: Launching ProjectOrsApplication] INFO  o.e.m.c.i.embedder.EclipseLogger - skip non existing resourceDirectory C:\Users\ftt\Desktop\ORS_Project10_ftctl\projectORS\src\test\resources
2024-08-12 08:42:19,827 [Worker-10: Building workspace] INFO  o.e.m.c.i.embedder.EclipseLogger - Using 'UTF-8' encoding to copy filtered resources.
2024-08-12 08:42:19,866 [Worker-10: Building workspace] INFO  o.e.m.c.i.embedder.EclipseLogger - Copying 1 resource
2024-08-12 08:42:19,955 [Worker-10: Building workspace] INFO  o.e.m.c.i.embedder.EclipseLogger - Copying 1 resource
2024-08-12 08:42:19,982 [Worker-10: Building workspace] INFO  o.e.m.c.i.embedder.EclipseLogger - Using 'UTF-8' encoding to copy filtered resources.
2024-08-12 08:42:19,982 [Worker-10: Building workspace] INFO  o.e.m.c.i.embedder.EclipseLogger - skip non existing resourceDirectory C:\Users\ftt\Desktop\ORS_Project10_ftctl\projectORS\src\test\resources
2024-08-12 08:42:45,286 [Worker-15: Building workspace] INFO  o.e.m.c.i.embedder.EclipseLogger - Using 'UTF-8' encoding to copy filtered resources.
2024-08-12 08:42:45,288 [Worker-15: Building workspace] INFO  o.e.m.c.i.embedder.EclipseLogger - Copying 1 resource
2024-08-12 08:42:45,294 [Worker-15: Building workspace] INFO  o.e.m.c.i.embedder.EclipseLogger - Copying 1 resource
2024-08-12 08:42:45,305 [Worker-15: Building workspace] INFO  o.e.m.c.i.embedder.EclipseLogger - Using 'UTF-8' encoding to copy filtered resources.
2024-08-12 08:42:45,306 [Worker-15: Building workspace] INFO  o.e.m.c.i.embedder.EclipseLogger - skip non existing resourceDirectory C:\Users\ftt\Desktop\ORS_Project10_ftctl\projectORS\src\test\resources
2024-08-12 08:43:36,507 [Worker-7: Updating Maven Project] INFO  o.e.m.c.i.p.ProjectConfigurationManager - Update started
2024-08-12 08:43:42,091 [Worker-7: Updating Maven Project] INFO  o.e.m.c.i.l.LifecycleMappingFactory - Using org.eclipse.m2e.jdt.JarLifecycleMapping lifecycle mapping for MavenProject: com.sunilos:springboottest:0.0.1-SNAPSHOT @ C:\Users\ftt\Desktop\ORS_Project10_ftctl\projectORS\pom.xml.
2024-08-12 08:43:45,686 [Worker-7: Updating Maven Project] INFO  o.e.m.j.i.AbstractJavaProjectConfigurator - Adding source folder /springboottest/src/main/java
2024-08-12 08:43:45,688 [Worker-7: Updating Maven Project] INFO  o.e.m.j.i.AbstractJavaProjectConfigurator - Adding resource folder /springboottest/src/main/resources
2024-08-12 08:43:45,689 [Worker-7: Updating Maven Project] INFO  o.e.m.j.i.AbstractJavaProjectConfigurator - Adding resource folder /springboottest/src/main/resources
2024-08-12 08:43:45,698 [Worker-7: Updating Maven Project] INFO  o.e.m.j.i.AbstractJavaProjectConfigurator - Adding source folder /springboottest/src/test/java
2024-08-12 08:43:47,088 [Worker-7: Updating Maven Project] INFO  o.e.m.c.i.p.ProjectConfigurationManager - Update completed: 10 sec
2024-08-12 08:43:51,190 [Worker-0: Building workspace] INFO  o.e.m.c.i.embedder.EclipseLogger - Using 'UTF-8' encoding to copy filtered resources.
2024-08-12 08:43:51,193 [Worker-0: Building workspace] INFO  o.e.m.c.i.embedder.EclipseLogger - Copying 1 resource
2024-08-12 08:43:51,222 [Worker-0: Building workspace] INFO  o.e.m.c.i.embedder.EclipseLogger - Copying 1 resource
2024-08-12 08:43:51,236 [Worker-0: Building workspace] INFO  o.e.m.c.i.embedder.EclipseLogger - Using 'UTF-8' encoding to copy filtered resources.
2024-08-12 08:43:51,237 [Worker-0: Building workspace] INFO  o.e.m.c.i.embedder.EclipseLogger - skip non existing resourceDirectory C:\Users\ftt\Desktop\ORS_Project10_ftctl\projectORS\src\test\resources
2024-08-12 08:53:20,873 [Worker-18: Launching Executing clean in C__Users_ftt_Desktop_ORS_Project10_ftctl_projectORS] INFO  o.e.m.i.launch.MavenLaunchDelegate - C:\Users\ftt\Desktop\ORS_Project10_ftctl\projectORS
2024-08-12 08:53:20,875 [Worker-18: Launching Executing clean in C__Users_ftt_Desktop_ORS_Project10_ftctl_projectORS] INFO  o.e.m.i.launch.MavenLaunchDelegate -  mvn -B clean
2024-08-12 08:56:23,047 [main] INFO  o.e.m2e.actions.ExecutePomAction - Creating new launch configuration
2024-08-12 08:56:54,045 [Worker-15: Launching projectORS (1)] INFO  o.e.m.i.launch.MavenLaunchDelegate - C:\Users\ftt\Desktop\ORS_Project10_ftctl\projectORS
2024-08-12 08:56:54,047 [Worker-15: Launching projectORS (1)] INFO  o.e.m.i.launch.MavenLaunchDelegate -  mvn -B -Dmaven.test.skip=true -DskipTests clean install
2024-08-12 11:50:18,280 [Worker-7: Building workspace] INFO  o.e.m.c.i.embedder.EclipseLogger - Using 'UTF-8' encoding to copy filtered resources.
2024-08-12 11:50:18,298 [Worker-7: Building workspace] INFO  o.e.m.c.i.embedder.EclipseLogger - Copying 1 resource
2024-08-12 11:50:18,354 [Worker-7: Building workspace] INFO  o.e.m.c.i.embedder.EclipseLogger - Copying 1 resource
2024-08-12 11:50:18,362 [Worker-7: Building workspace] INFO  o.e.m.c.i.embedder.EclipseLogger - Using 'UTF-8' encoding to copy filtered resources.
2024-08-12 11:50:18,364 [Worker-7: Building workspace] INFO  o.e.m.c.i.embedder.EclipseLogger - skip non existing resourceDirectory C:\Users\ftt\Desktop\ORS_Project10_ftctl\projectORS\src\test\resources
2024-08-12 13:03:03,960 [Worker-13: Updating Maven Project] INFO  o.e.m.c.i.p.ProjectConfigurationManager - Update started
2024-08-12 13:03:15,884 [Worker-13: Updating Maven Project] INFO  o.e.m.c.i.l.LifecycleMappingFactory - Using org.eclipse.m2e.jdt.JarLifecycleMapping lifecycle mapping for MavenProject: com.sunilos:springboottest:0.0.1-SNAPSHOT @ C:\Users\ftt\Desktop\ORS_Project10_ftctl\projectORS\pom.xml.
2024-08-12 13:03:20,988 [Worker-13: Updating Maven Project] INFO  o.e.m.j.i.AbstractJavaProjectConfigurator - Adding source folder /springboottest/src/main/java
2024-08-12 13:03:20,989 [Worker-13: Updating Maven Project] INFO  o.e.m.j.i.AbstractJavaProjectConfigurator - Adding resource folder /springboottest/src/main/resources
2024-08-12 13:03:20,990 [Worker-13: Updating Maven Project] INFO  o.e.m.j.i.AbstractJavaProjectConfigurator - Adding resource folder /springboottest/src/main/resources
2024-08-12 13:03:20,992 [Worker-13: Updating Maven Project] INFO  o.e.m.j.i.AbstractJavaProjectConfigurator - Adding source folder /springboottest/src/test/java
2024-08-12 13:03:23,348 [Worker-13: Updating Maven Project] INFO  o.e.m.c.i.p.ProjectConfigurationManager - Update completed: 19 sec
2024-08-12 13:03:36,471 [Worker-4: Building workspace] INFO  o.e.m.c.i.embedder.EclipseLogger - Using 'UTF-8' encoding to copy filtered resources.
2024-08-12 13:03:36,481 [Worker-4: Building workspace] INFO  o.e.m.c.i.embedder.EclipseLogger - Copying 1 resource
2024-08-12 13:03:36,520 [Worker-4: Building workspace] INFO  o.e.m.c.i.embedder.EclipseLogger - Copying 1 resource
2024-08-12 13:03:36,750 [Worker-4: Building workspace] INFO  o.e.m.c.i.embedder.EclipseLogger - Using 'UTF-8' encoding to copy filtered resources.
2024-08-12 13:03:36,750 [Worker-4: Building workspace] INFO  o.e.m.c.i.embedder.EclipseLogger - skip non existing resourceDirectory C:\Users\ftt\Desktop\ORS_Project10_ftctl\projectORS\src\test\resources
2024-08-13 17:29:45,586 [Worker-17: Building workspace] INFO  o.e.m.c.i.embedder.EclipseLogger - Using 'UTF-8' encoding to copy filtered resources.
2024-08-13 17:29:45,836 [Worker-17: Building workspace] INFO  o.e.m.c.i.embedder.EclipseLogger - Copying 1 resource
2024-08-13 17:29:45,899 [Worker-17: Building workspace] INFO  o.e.m.c.i.embedder.EclipseLogger - Copying 1 resource
2024-08-13 17:29:45,913 [Worker-17: Building workspace] INFO  o.e.m.c.i.embedder.EclipseLogger - Using 'UTF-8' encoding to copy filtered resources.
2024-08-13 17:29:45,914 [Worker-17: Building workspace] INFO  o.e.m.c.i.embedder.EclipseLogger - skip non existing resourceDirectory C:\Users\ftt\Desktop\ORS_Project10_ftctl\projectORS\src\test\resources
